<?xml version="1.0" encoding="UTF-8"?>
<!-- Generated by org.testng.reporters.JUnitXMLReporter -->
<testsuite ignored="0" hostname="WARNER" failures="0" tests="5" name="Default test" time="18.255" errors="0" timestamp="2024-12-18T15:08:43 IST">
  <testcase classname="com.tests.LoginTests" name="testLogin" time="7.24"/>
  <testcase classname="com.tests.LoginTests" name="testLogin" time="2.071"/>
  <testcase classname="com.tests.LoginTests" name="testLogin" time="1.916"/>
  <testcase classname="com.tests.LoginTests" name="testLogin" time="1.702"/>
  <testcase classname="com.tests.LoginTests" name="testLogin" time="1.045"/>
</testsuite> <!-- Default test -->
