<?xml version="1.0" encoding="UTF-8"?>
<testng-results ignored="0" total="5" passed="5" failed="0" skipped="0">
  <reporter-output>
  </reporter-output>
  <suite started-at="2024-12-18T15:08:25 IST" name="Default suite" finished-at="2024-12-18T15:08:43 IST" duration-ms="18255">
    <groups>
    </groups>
    <test started-at="2024-12-18T15:08:25 IST" name="Default test" finished-at="2024-12-18T15:08:43 IST" duration-ms="18255">
      <class name="com.tests.LoginTests">
        <test-method is-config="true" signature="steUp()[pri:0, instance:com.tests.LoginTests@385c9627]" started-at="2024-12-18T15:08:25 IST" name="steUp" finished-at="2024-12-18T15:08:28 IST" duration-ms="3398" status="PASS">
          <reporter-output>
          </reporter-output>
        </test-method> <!-- steUp -->
        <test-method signature="testLogin(java.lang.String,java.lang.String,java.lang.String)[pri:0, instance:com.tests.LoginTests@385c9627]" started-at="2024-12-18T15:08:28 IST" name="testLogin" data-provider="loginData" finished-at="2024-12-18T15:08:35 IST" duration-ms="7240" status="PASS">
          <params>
            <param index="0">
              <value>
                <![CDATA[Admin]]>
              </value>
            </param>
            <param index="1">
              <value>
                <![CDATA[admin123]]>
              </value>
            </param>
            <param index="2">
              <value>
                <![CDATA[Success]]>
              </value>
            </param>
          </params>
          <reporter-output>
          </reporter-output>
        </test-method> <!-- testLogin -->
        <test-method signature="testLogin(java.lang.String,java.lang.String,java.lang.String)[pri:0, instance:com.tests.LoginTests@385c9627]" started-at="2024-12-18T15:08:35 IST" name="testLogin" data-provider="loginData" finished-at="2024-12-18T15:08:38 IST" duration-ms="2071" status="PASS">
          <params>
            <param index="0">
              <value>
                <![CDATA[Admin]]>
              </value>
            </param>
            <param index="1">
              <value>
                <![CDATA[wrongPass]]>
              </value>
            </param>
            <param index="2">
              <value>
                <![CDATA[Failure]]>
              </value>
            </param>
          </params>
          <reporter-output>
          </reporter-output>
        </test-method> <!-- testLogin -->
        <test-method signature="testLogin(java.lang.String,java.lang.String,java.lang.String)[pri:0, instance:com.tests.LoginTests@385c9627]" started-at="2024-12-18T15:08:38 IST" name="testLogin" data-provider="loginData" finished-at="2024-12-18T15:08:39 IST" duration-ms="1916" status="PASS">
          <params>
            <param index="0">
              <value>
                <![CDATA[WrongUser]]>
              </value>
            </param>
            <param index="1">
              <value>
                <![CDATA[admin123]]>
              </value>
            </param>
            <param index="2">
              <value>
                <![CDATA[Failure]]>
              </value>
            </param>
          </params>
          <reporter-output>
          </reporter-output>
        </test-method> <!-- testLogin -->
        <test-method signature="testLogin(java.lang.String,java.lang.String,java.lang.String)[pri:0, instance:com.tests.LoginTests@385c9627]" started-at="2024-12-18T15:08:39 IST" name="testLogin" data-provider="loginData" finished-at="2024-12-18T15:08:41 IST" duration-ms="1702" status="PASS">
          <params>
            <param index="0">
              <value>
                <![CDATA[Admin]]>
              </value>
            </param>
            <param index="1">
              <value>
                <![CDATA[]]>
              </value>
            </param>
            <param index="2">
              <value>
                <![CDATA[Failure]]>
              </value>
            </param>
          </params>
          <reporter-output>
          </reporter-output>
        </test-method> <!-- testLogin -->
        <test-method signature="testLogin(java.lang.String,java.lang.String,java.lang.String)[pri:0, instance:com.tests.LoginTests@385c9627]" started-at="2024-12-18T15:08:41 IST" name="testLogin" data-provider="loginData" finished-at="2024-12-18T15:08:42 IST" duration-ms="1045" status="PASS">
          <params>
            <param index="0">
              <value>
                <![CDATA[]]>
              </value>
            </param>
            <param index="1">
              <value>
                <![CDATA[admin123]]>
              </value>
            </param>
            <param index="2">
              <value>
                <![CDATA[Failure]]>
              </value>
            </param>
          </params>
          <reporter-output>
          </reporter-output>
        </test-method> <!-- testLogin -->
        <test-method is-config="true" signature="close()[pri:0, instance:com.tests.LoginTests@385c9627]" started-at="2024-12-18T15:08:42 IST" name="close" finished-at="2024-12-18T15:08:43 IST" duration-ms="846" status="PASS">
          <reporter-output>
          </reporter-output>
        </test-method> <!-- close -->
      </class> <!-- com.tests.LoginTests -->
    </test> <!-- Default test -->
  </suite> <!-- Default suite -->
</testng-results>
